CREATE TEMPORARY TABLE "temp_visit_table" AS (
    SELECT
        location_id as supervisor_id,
        COUNT (DISTINCT awc_id) as unique_visits
    FROM "ucr_icds-cas_static-awc_mgt_forms_ad1b11f0"
    WHERE
        submitted_on>= '2020-03-01'
        AND submitted_on<'2020-05-01'
        AND location_entered IS NOT NULL
        AND location_entered <> ''
    GROUP BY location_id
);

--                                                                                           QUERY PLAN
-- ----------------------------------------------------------------------------------------------------------------------------------------------------------------------------------------------
--  HashAggregate  (cost=0.00..0.00 rows=0 width=0)
--    Group Key: remote_scan.supervisor_id
--    ->  Custom Scan (Citus Real-Time)  (cost=0.00..0.00 rows=0 width=0)
--          Task Count: 64
--          Tasks Shown: One of 64
--          ->  Task
--                Node: host=100.71.184.232 port=6432 dbname=icds_ucr
--                ->  GroupAggregate  (cost=1205.95..1235.94 rows=251 width=41)
--                      Group Key: location_id
--                      ->  Sort  (cost=1205.95..1215.11 rows=3664 width=66)
--                            Sort Key: location_id
--                            ->  Seq Scan on "ucr_icds-cas_static-awc_mgt_forms_ad1b11f0_103162" "ucr_icds-cas_static-awc_mgt_forms_ad1b11f0"  (cost=0.00..989.06 rows=3664 width=66)
--                                  Filter: ((location_entered IS NOT NULL) AND (submitted_on >= '2020-02-01'::date) AND (submitted_on < '2020-04-01'::date) AND (location_entered <> ''::text))
-- (13 rows)


SELECT
    t.state_name,
    t.supervisor_name,
    t.supervisor_site_code,
    awc.num_awcs as total_awcs,
    ucr.unique_visits as visited_awcs,
    CASE
        WHEN awc.num_awcs = ucr.unique_visits THEN 'YES'
        ELSE 'NO'
    END as all_visited
    FROM "agg_awc_2020-04-01_4" awc
    LEFT JOIN "temp_visit_table" ucr
        ON awc.supervisor_id = ucr.supervisor_id
    LEFT JOIN "awc_location_local" t
        ON (t.supervisor_id = awc.supervisor_id
        AND t.aggregation_level=awc.aggregation_level
        AND t.aggregation_level=4)
    WHERE awc.state_is_test<>1 AND awc.supervisor_is_test<>1;
--  QUERY PLAN
-- ------------------------------------------------------------------------------------------------------------------------------------
--  Hash Right Join  (cost=4165.52..17406.48 rows=26824 width=83)
--    Hash Cond: ((t.supervisor_id = awc.supervisor_id) AND (t.aggregation_level = awc.aggregation_level))
--    ->  Index Scan using awc_location_local_aggregation_level_idx on awc_location_local t  (cost=0.42..12008.87 rows=27173 width=75)
--          Index Cond: (aggregation_level = 4)
--    ->  Hash  (cost=3500.74..3500.74 rows=26824 width=49)
--          ->  Hash Right Join  (cost=2508.54..3500.74 rows=26824 width=49)
--                Hash Cond: (ucr.supervisor_id = awc.supervisor_id)
--                ->  Seq Scan on temp_visit_table ucr  (cost=0.00..290.40 rows=15840 width=40)
--                ->  Hash  (cost=1937.24..1937.24 rows=26824 width=41)
--                      ->  Seq Scan on "agg_awc_2020-03-01_4" awc  (cost=0.00..1937.24 rows=26824 width=41)
-- (10 rows)
 
DROP TABLE IF EXISTS temp_visit_table;
